Using pre-set license
Built from '2020.3/staging' branch; Version is '2020.3.26f1 (7298b473bc1a) revision 7510196'; Using compiler version '192528614'; Build Type 'Release'
OS: 'Windows 10  (10.0.19043) 64bit Core' Language: 'en' Physical Memory: 16260 MB
BatchMode: 1, IsHumanControllingUs: 0, StartBugReporterOnCrash: 0, Is64bit: 1, IsPro: 0

COMMAND LINE ARGUMENTS:
C:\Program Files\Unity\Hub\Editor\2020.3.26f1\Editor\Unity.exe
-adb2
-batchMode
-noUpm
-name
AssetImportWorker0
-projectPath
C:/Users/gamer/OneDrive/Documents/Unity DIG3480/Sound/My project
-logFile
Logs/AssetImportWorker0.log
-srvPort
64648
Successfully changed project path to: C:/Users/gamer/OneDrive/Documents/Unity DIG3480/Sound/My project
C:/Users/gamer/OneDrive/Documents/Unity DIG3480/Sound/My project
Using Asset Import Pipeline V2.
Refreshing native plugins compatible for Editor in 42.92 ms, found 2 plugins.
Preloading 0 native plugins for Editor in 0.00 ms.
Initialize engine version: 2020.3.26f1 (7298b473bc1a)
[Subsystems] Discovering subsystems at path C:/Program Files/Unity/Hub/Editor/2020.3.26f1/Editor/Data/Resources/UnitySubsystems
[Subsystems] Discovering subsystems at path C:/Users/gamer/OneDrive/Documents/Unity DIG3480/Sound/My project/Assets
GfxDevice: creating device client; threaded=0
Direct3D:
    Version:  Direct3D 11.0 [level 11.1]
    Renderer: NVIDIA GeForce GTX 1060 (ID=0x1c20)
    Vendor:   
    VRAM:     2987 MB
    Driver:   27.21.14.6627
Initialize mono
Mono path[0] = 'C:/Program Files/Unity/Hub/Editor/2020.3.26f1/Editor/Data/Managed'
Mono path[1] = 'C:/Program Files/Unity/Hub/Editor/2020.3.26f1/Editor/Data/MonoBleedingEdge/lib/mono/unityjit'
Mono config path = 'C:/Program Files/Unity/Hub/Editor/2020.3.26f1/Editor/Data/MonoBleedingEdge/etc'
Using monoOptions --debugger-agent=transport=dt_socket,embedding=1,server=y,suspend=n,address=127.0.0.1:56920
Begin MonoManager ReloadAssembly
Registering precompiled unity dll's ...
Register platform support module: C:/Program Files/Unity/Hub/Editor/2020.3.26f1/Editor/Data/PlaybackEngines/WindowsStandaloneSupport/UnityEditor.WindowsStandalone.Extensions.dll
Registered in 0.002982 seconds.
Native extension for WindowsStandalone target not found
Refreshing native plugins compatible for Editor in 37.69 ms, found 2 plugins.
Preloading 0 native plugins for Editor in 0.00 ms.
Mono: successfully reloaded assembly
- Completed reload, in  0.732 seconds
Domain Reload Profiling:
	ReloadAssembly (732ms)
		BeginReloadAssembly (81ms)
			ExecutionOrderSort (0ms)
			DisableScriptedObjects (0ms)
			BackupInstance (0ms)
			ReleaseScriptingObjects (0ms)
			CreateAndSetChildDomain (1ms)
		EndReloadAssembly (553ms)
			LoadAssemblies (78ms)
			RebuildTransferFunctionScriptingTraits (0ms)
			SetupTypeCache (196ms)
			ReleaseScriptCaches (0ms)
			RebuildScriptCaches (41ms)
			SetupLoadedEditorAssemblies (202ms)
				LogAssemblyErrors (0ms)
				InitializePlatformSupportModulesInManaged (10ms)
				SetLoadedEditorAssemblies (0ms)
				RefreshPlugins (38ms)
				BeforeProcessingInitializeOnLoad (16ms)
				ProcessInitializeOnLoadAttributes (105ms)
				ProcessInitializeOnLoadMethodAttributes (33ms)
				AfterProcessingInitializeOnLoad (0ms)
				EditorAssembliesLoaded (0ms)
			ExecutionOrderSort2 (0ms)
			AwakeInstancesAfterBackupRestoration (0ms)
Platform modules already initialized, skipping
Registering precompiled user dll's ...
Registered in 0.008772 seconds.
Begin MonoManager ReloadAssembly
Native extension for WindowsStandalone target not found
Refreshing native plugins compatible for Editor in 0.56 ms, found 2 plugins.
Preloading 0 native plugins for Editor in 0.00 ms.
Mono: successfully reloaded assembly
- Completed reload, in  1.643 seconds
Domain Reload Profiling:
	ReloadAssembly (1644ms)
		BeginReloadAssembly (179ms)
			ExecutionOrderSort (0ms)
			DisableScriptedObjects (6ms)
			BackupInstance (0ms)
			ReleaseScriptingObjects (0ms)
			CreateAndSetChildDomain (21ms)
		EndReloadAssembly (1378ms)
			LoadAssemblies (110ms)
			RebuildTransferFunctionScriptingTraits (0ms)
			SetupTypeCache (458ms)
			ReleaseScriptCaches (1ms)
			RebuildScriptCaches (74ms)
			SetupLoadedEditorAssemblies (546ms)
				LogAssemblyErrors (0ms)
				InitializePlatformSupportModulesInManaged (8ms)
				SetLoadedEditorAssemblies (1ms)
				RefreshPlugins (1ms)
				BeforeProcessingInitializeOnLoad (149ms)
				ProcessInitializeOnLoadAttributes (349ms)
				ProcessInitializeOnLoadMethodAttributes (19ms)
				AfterProcessingInitializeOnLoad (17ms)
				EditorAssembliesLoaded (0ms)
			ExecutionOrderSort2 (0ms)
			AwakeInstancesAfterBackupRestoration (11ms)
Platform modules already initialized, skipping
========================================================================
Worker process is ready to serve import requests
Launched and connected shader compiler UnityShaderCompiler.exe after 0.14 seconds
Refreshing native plugins compatible for Editor in 0.48 ms, found 2 plugins.
Preloading 0 native plugins for Editor in 0.00 ms.
Unloading 1504 Unused Serialized files (Serialized files now loaded: 0)
System memory in use before: 67.5 MB.
System memory in use after: 67.6 MB.

Unloading 19 unused Assets to reduce memory usage. Loaded Objects now: 1936.
Total: 4.866100 ms (FindLiveObjects: 0.241200 ms CreateObjectMapping: 0.129000 ms MarkObjects: 4.365700 ms  DeleteObjects: 0.127800 ms)

AssetImportParameters requested are different than current active one (requested -> active):
  custom:framework-win-MediaFoundation: 216162199b28c13a410421893ffa2e32 -> 
  custom:video-decoder-ogg-theora: a1e56fd34408186e4bbccfd4996cb3dc -> 
  custom:container-muxer-webm: aa71ff27fc2769a1b78a27578f13a17b -> 
  custom:container-demuxer-webm: 4f35f7cbe854078d1ac9338744f61a02 -> 
  custom:container-demuxer-ogg: 62fdf1f143b41e24485cea50d1cbac27 -> 
  custom:video-encoder-webm-vp8: eb34c28f22e8b96e1ab97ce403110664 -> 
  custom:video-decoder-webm-vp8: 9c59270c3fd7afecdb556c50c9e8de78 -> 
  custom:audio-decoder-ogg-vorbis: bf7c407c2cedff20999df2af8eb42d56 -> 
  custom:audio-encoder-webm-vorbis: bf7c407c2cedff20999df2af8eb42d56 -> 
========================================================================
Received Import Request.
  path: Assets
  artifactKey: Guid(00000000000000001000000000000000) Importer(815301076,1909f56bfc062723c751e8b465ee728b)
Start importing Assets using Guid(00000000000000001000000000000000) Importer(815301076,1909f56bfc062723c751e8b465ee728b)  -> (artifact id: '42d402b061de3733987d63b9cc3b64de') in 0.017243 seconds 
  Import took 0.021821 seconds .

========================================================================
Received Import Request.
  Time since last request: 1.188822 seconds.
  path: Assets/Sounds
  artifactKey: Guid(1da69b048cbb7954d9cabf153bba9eeb) Importer(815301076,1909f56bfc062723c751e8b465ee728b)
Start importing Assets/Sounds using Guid(1da69b048cbb7954d9cabf153bba9eeb) Importer(815301076,1909f56bfc062723c751e8b465ee728b)  -> (artifact id: 'd719db75cb79c795202090013c957876') in 0.012036 seconds 
  Import took 0.015074 seconds .

========================================================================
Received Import Request.
  Time since last request: 109.799332 seconds.
  path: Assets/Sprites
  artifactKey: Guid(3cb95f2c09da70a4d8fad011dc86bd74) Importer(815301076,1909f56bfc062723c751e8b465ee728b)
Start importing Assets/Sprites using Guid(3cb95f2c09da70a4d8fad011dc86bd74) Importer(815301076,1909f56bfc062723c751e8b465ee728b)  -> (artifact id: '1c0a3506889fd21dd80d25efc14a73e2') in 0.014048 seconds 
  Import took 0.017276 seconds .

========================================================================
Received Import Request.
  Time since last request: 6.471992 seconds.
  path: Assets/Scripts
  artifactKey: Guid(0f3e470f603a3fd43bed3baae4a16e07) Importer(815301076,1909f56bfc062723c751e8b465ee728b)
Start importing Assets/Scripts using Guid(0f3e470f603a3fd43bed3baae4a16e07) Importer(815301076,1909f56bfc062723c751e8b465ee728b)  -> (artifact id: 'fbf56a3dea6695268ab34c45bde30e4f') in 0.012932 seconds 
  Import took 0.016236 seconds .

========================================================================
Received Prepare
Registering precompiled user dll's ...
Registered in 0.010784 seconds.
Begin MonoManager ReloadAssembly
Native extension for WindowsStandalone target not found
Refreshing native plugins compatible for Editor in 0.51 ms, found 2 plugins.
Preloading 0 native plugins for Editor in 0.00 ms.
Mono: successfully reloaded assembly
- Completed reload, in  1.751 seconds
Domain Reload Profiling:
	ReloadAssembly (1752ms)
		BeginReloadAssembly (195ms)
			ExecutionOrderSort (0ms)
			DisableScriptedObjects (7ms)
			BackupInstance (0ms)
			ReleaseScriptingObjects (0ms)
			CreateAndSetChildDomain (57ms)
		EndReloadAssembly (1441ms)
			LoadAssemblies (164ms)
			RebuildTransferFunctionScriptingTraits (0ms)
			SetupTypeCache (503ms)
			ReleaseScriptCaches (1ms)
			RebuildScriptCaches (67ms)
			SetupLoadedEditorAssemblies (544ms)
				LogAssemblyErrors (0ms)
				InitializePlatformSupportModulesInManaged (8ms)
				SetLoadedEditorAssemblies (1ms)
				RefreshPlugins (1ms)
				BeforeProcessingInitializeOnLoad (141ms)
				ProcessInitializeOnLoadAttributes (361ms)
				ProcessInitializeOnLoadMethodAttributes (16ms)
				AfterProcessingInitializeOnLoad (15ms)
				EditorAssembliesLoaded (0ms)
			ExecutionOrderSort2 (0ms)
			AwakeInstancesAfterBackupRestoration (11ms)
Platform modules already initialized, skipping
Refreshing native plugins compatible for Editor in 0.50 ms, found 2 plugins.
Preloading 0 native plugins for Editor in 0.00 ms.
Unloading 1498 Unused Serialized files (Serialized files now loaded: 0)
System memory in use before: 67.4 MB.
System memory in use after: 67.5 MB.

Unloading 14 unused Assets to reduce memory usage. Loaded Objects now: 1938.
Total: 4.127200 ms (FindLiveObjects: 0.138700 ms CreateObjectMapping: 0.092700 ms MarkObjects: 3.840800 ms  DeleteObjects: 0.053800 ms)

AssetImportParameters requested are different than current active one (requested -> active):
  custom:framework-win-MediaFoundation: 216162199b28c13a410421893ffa2e32 -> 
  custom:video-decoder-ogg-theora: a1e56fd34408186e4bbccfd4996cb3dc -> 
  custom:container-muxer-webm: aa71ff27fc2769a1b78a27578f13a17b -> 
  custom:container-demuxer-webm: 4f35f7cbe854078d1ac9338744f61a02 -> 
  custom:container-demuxer-ogg: 62fdf1f143b41e24485cea50d1cbac27 -> 
  custom:video-encoder-webm-vp8: eb34c28f22e8b96e1ab97ce403110664 -> 
  custom:video-decoder-webm-vp8: 9c59270c3fd7afecdb556c50c9e8de78 -> 
  custom:audio-decoder-ogg-vorbis: bf7c407c2cedff20999df2af8eb42d56 -> 
  custom:audio-encoder-webm-vorbis: bf7c407c2cedff20999df2af8eb42d56 -> 
========================================================================
Received Import Request.
  Time since last request: 137.539252 seconds.
  path: Assets/Run (1).png
  artifactKey: Guid(2027404e3e21e8749b1d9cf80ac004e8) Importer(815301076,1909f56bfc062723c751e8b465ee728b)
Start importing Assets/Run (1).png using Guid(2027404e3e21e8749b1d9cf80ac004e8) Importer(815301076,1909f56bfc062723c751e8b465ee728b)  -> (artifact id: '7dd6ec156430d5b1be451a6e97e2cce8') in 0.117239 seconds 
  Import took 0.122544 seconds .

========================================================================
Received Import Request.
  Time since last request: 0.000446 seconds.
  path: Assets/Slide (2).png
  artifactKey: Guid(c2987148128fc0648be96c95762df267) Importer(815301076,1909f56bfc062723c751e8b465ee728b)
Start importing Assets/Slide (2).png using Guid(c2987148128fc0648be96c95762df267) Importer(815301076,1909f56bfc062723c751e8b465ee728b)  -> (artifact id: '65fbd625be2efcfa2a35fee8dd2e592c') in 0.026508 seconds 
  Import took 0.031906 seconds .

========================================================================
Received Import Request.
  Time since last request: 0.000367 seconds.
  path: Assets/Slide (6).png
  artifactKey: Guid(e32539582bd2c2f4da4fe6e73a30c169) Importer(815301076,1909f56bfc062723c751e8b465ee728b)
Start importing Assets/Slide (6).png using Guid(e32539582bd2c2f4da4fe6e73a30c169) Importer(815301076,1909f56bfc062723c751e8b465ee728b)  -> (artifact id: '9259adb0a8e9162b67119312416c193c') in 0.025727 seconds 
  Import took 0.030256 seconds .

========================================================================
Received Import Request.
  Time since last request: 0.000730 seconds.
  path: Assets/Walk (5).png
  artifactKey: Guid(886bbb59defd3d94c8b51615ce8a685a) Importer(815301076,1909f56bfc062723c751e8b465ee728b)
Start importing Assets/Walk (5).png using Guid(886bbb59defd3d94c8b51615ce8a685a) Importer(815301076,1909f56bfc062723c751e8b465ee728b)  -> (artifact id: '0d13141dbba82da9d3120ca4fc48d882') in 0.021913 seconds 
  Import took 0.025135 seconds .

========================================================================
Received Import Request.
  Time since last request: 0.000556 seconds.
  path: Assets/Run (5).png
  artifactKey: Guid(32f7d1a7ea2db7e4dbf97748c2d3bd99) Importer(815301076,1909f56bfc062723c751e8b465ee728b)
Start importing Assets/Run (5).png using Guid(32f7d1a7ea2db7e4dbf97748c2d3bd99) Importer(815301076,1909f56bfc062723c751e8b465ee728b)  -> (artifact id: '14ae8ba08edc0160ce08610f0f9e784c') in 0.021945 seconds 
  Import took 0.026101 seconds .

========================================================================
Received Import Request.
  Time since last request: 0.000636 seconds.
  path: Assets/Slide (7).png
  artifactKey: Guid(3edb171c5f7d3774e8cee90643bcbfec) Importer(815301076,1909f56bfc062723c751e8b465ee728b)
Start importing Assets/Slide (7).png using Guid(3edb171c5f7d3774e8cee90643bcbfec) Importer(815301076,1909f56bfc062723c751e8b465ee728b)  -> (artifact id: '7335746c2282bd9bc32859d5c687563e') in 0.019312 seconds 
  Import took 0.023251 seconds .

========================================================================
Received Import Request.
  Time since last request: 0.000481 seconds.
  path: Assets/Walk (6).png
  artifactKey: Guid(0066581e08512cf42bba3059df9051ce) Importer(815301076,1909f56bfc062723c751e8b465ee728b)
Start importing Assets/Walk (6).png using Guid(0066581e08512cf42bba3059df9051ce) Importer(815301076,1909f56bfc062723c751e8b465ee728b)  -> (artifact id: 'bc4b19e53f3fc24822106687d1b1e110') in 0.020741 seconds 
  Import took 0.025416 seconds .

========================================================================
Received Import Request.
  Time since last request: 0.000405 seconds.
  path: Assets/Run (4).png
  artifactKey: Guid(4ea5f58355fe1f641bee171f52dd3fe8) Importer(815301076,1909f56bfc062723c751e8b465ee728b)
Start importing Assets/Run (4).png using Guid(4ea5f58355fe1f641bee171f52dd3fe8) Importer(815301076,1909f56bfc062723c751e8b465ee728b)  -> (artifact id: '9946d7a5f67b939955530faaf506dc7f') in 0.020817 seconds 
  Import took 0.024067 seconds .

========================================================================
Received Import Request.
  Time since last request: 0.000565 seconds.
  path: Assets/Slide (1).png
  artifactKey: Guid(120483c69c0f4df4798a644a11bd7fe4) Importer(815301076,1909f56bfc062723c751e8b465ee728b)
Start importing Assets/Slide (1).png using Guid(120483c69c0f4df4798a644a11bd7fe4) Importer(815301076,1909f56bfc062723c751e8b465ee728b)  -> (artifact id: 'd6e753713819d28ec28a0bc3b8f2f92e') in 0.021693 seconds 
  Import took 0.024681 seconds .

========================================================================
Received Import Request.
  Time since last request: 0.000481 seconds.
  path: Assets/Slide (10).png
  artifactKey: Guid(9ddf0abab3855cd4cae5be8d6ae64dbf) Importer(815301076,1909f56bfc062723c751e8b465ee728b)
Start importing Assets/Slide (10).png using Guid(9ddf0abab3855cd4cae5be8d6ae64dbf) Importer(815301076,1909f56bfc062723c751e8b465ee728b)  -> (artifact id: '92b7bd5b1bc2c0b7c18e9d45dae2374f') in 0.020156 seconds 
  Import took 0.024465 seconds .

========================================================================
Received Import Request.
  Time since last request: 0.000342 seconds.
  path: Assets/Run (7).png
  artifactKey: Guid(73d22d9d947ce884caed9f17faeabc41) Importer(815301076,1909f56bfc062723c751e8b465ee728b)
Start importing Assets/Run (7).png using Guid(73d22d9d947ce884caed9f17faeabc41) Importer(815301076,1909f56bfc062723c751e8b465ee728b)  -> (artifact id: '145b36e6e94e8a69d4183f82625a61ff') in 0.019876 seconds 
  Import took 0.022713 seconds .

========================================================================
Received Import Request.
  Time since last request: 0.000358 seconds.
  path: Assets/Walk (8).png
  artifactKey: Guid(5e79d30b9ad5f914ab5d6978b169fff7) Importer(815301076,1909f56bfc062723c751e8b465ee728b)
Start importing Assets/Walk (8).png using Guid(5e79d30b9ad5f914ab5d6978b169fff7) Importer(815301076,1909f56bfc062723c751e8b465ee728b)  -> (artifact id: '7acc3faf81b5f83a58a3ac1247f83e17') in 0.020628 seconds 
  Import took 0.023363 seconds .

========================================================================
Received Import Request.
  Time since last request: 0.000372 seconds.
  path: Assets/Run (6).png
  artifactKey: Guid(09d79b4da975e314f81db4cdcdbd506a) Importer(815301076,1909f56bfc062723c751e8b465ee728b)
Start importing Assets/Run (6).png using Guid(09d79b4da975e314f81db4cdcdbd506a) Importer(815301076,1909f56bfc062723c751e8b465ee728b)  -> (artifact id: 'c37947c210041de0e50aa9a75ade9f2a') in 0.019733 seconds 
  Import took 0.022926 seconds .

========================================================================
Received Import Request.
  Time since last request: 0.000401 seconds.
  path: Assets/Walk (9).png
  artifactKey: Guid(594d9c2020169814098caa53e2064d47) Importer(815301076,1909f56bfc062723c751e8b465ee728b)
Start importing Assets/Walk (9).png using Guid(594d9c2020169814098caa53e2064d47) Importer(815301076,1909f56bfc062723c751e8b465ee728b)  -> (artifact id: 'f0f7d3b2cc885d536898284a4fb387d9') in 0.019825 seconds 
  Import took 0.022429 seconds .

========================================================================
Received Import Request.
  Time since last request: 0.000377 seconds.
  path: Assets/Walk (4).png
  artifactKey: Guid(aea15c1645db58b469bfe65ba8865055) Importer(815301076,1909f56bfc062723c751e8b465ee728b)
Start importing Assets/Walk (4).png using Guid(aea15c1645db58b469bfe65ba8865055) Importer(815301076,1909f56bfc062723c751e8b465ee728b)  -> (artifact id: '21dbbf5dd23aaba91be0c0b29cb2216c') in 0.020648 seconds 
  Import took 0.023965 seconds .

========================================================================
Received Import Request.
  Time since last request: 0.000401 seconds.
  path: Assets/Run (8).png
  artifactKey: Guid(502e9019f70a62f4e87e0c1e227b0cb8) Importer(815301076,1909f56bfc062723c751e8b465ee728b)
Start importing Assets/Run (8).png using Guid(502e9019f70a62f4e87e0c1e227b0cb8) Importer(815301076,1909f56bfc062723c751e8b465ee728b)  -> (artifact id: '42a70db6fb75abb5a538264b6b607e1f') in 0.022905 seconds 
  Import took 0.025553 seconds .

========================================================================
Received Import Request.
  Time since last request: 0.000367 seconds.
  path: Assets/Slide (8).png
  artifactKey: Guid(0b56c310e57b12e429b10d2bf256f16b) Importer(815301076,1909f56bfc062723c751e8b465ee728b)
Start importing Assets/Slide (8).png using Guid(0b56c310e57b12e429b10d2bf256f16b) Importer(815301076,1909f56bfc062723c751e8b465ee728b)  -> (artifact id: 'cbc909b721f02d0270b37aaf6f7763f4') in 0.021959 seconds 
  Import took 0.025192 seconds .

========================================================================
Received Import Request.
  Time since last request: 0.000397 seconds.
  path: Assets/Walk (2).png
  artifactKey: Guid(874658d4a2c42704dae843ed37bb2f48) Importer(815301076,1909f56bfc062723c751e8b465ee728b)
Start importing Assets/Walk (2).png using Guid(874658d4a2c42704dae843ed37bb2f48) Importer(815301076,1909f56bfc062723c751e8b465ee728b)  -> (artifact id: '1081ffbee8d263212abeb0b3587b4d9c') in 0.020056 seconds 
  Import took 0.023223 seconds .

========================================================================
Received Import Request.
  Time since last request: 0.000407 seconds.
  path: Assets/Walk (7).png
  artifactKey: Guid(f54beb07175a4fa47a9c3756ecfbf85c) Importer(815301076,1909f56bfc062723c751e8b465ee728b)
Start importing Assets/Walk (7).png using Guid(f54beb07175a4fa47a9c3756ecfbf85c) Importer(815301076,1909f56bfc062723c751e8b465ee728b)  -> (artifact id: 'd6ce2c97f5ec4067b72a8a6d026887a3') in 0.019869 seconds 
  Import took 0.023522 seconds .

========================================================================
Received Import Request.
  Time since last request: 0.000347 seconds.
  path: Assets/Slide (5).png
  artifactKey: Guid(d9a0a32f494bcdd468438a0f0f4c7248) Importer(815301076,1909f56bfc062723c751e8b465ee728b)
Start importing Assets/Slide (5).png using Guid(d9a0a32f494bcdd468438a0f0f4c7248) Importer(815301076,1909f56bfc062723c751e8b465ee728b)  -> (artifact id: 'b38dffa64345f5f5ad348f4d754e0ebd') in 0.021621 seconds 
  Import took 0.025267 seconds .

========================================================================
Received Import Request.
  Time since last request: 0.000435 seconds.
  path: Assets/Slide (4).png
  artifactKey: Guid(9e7d29eea650cd9449481c776f93fbcc) Importer(815301076,1909f56bfc062723c751e8b465ee728b)
Start importing Assets/Slide (4).png using Guid(9e7d29eea650cd9449481c776f93fbcc) Importer(815301076,1909f56bfc062723c751e8b465ee728b)  -> (artifact id: 'fc1cd58c97c0bf404bc0333309da672a') in 0.018676 seconds 
  Import took 0.022349 seconds .

========================================================================
Received Import Request.
  Time since last request: 0.000539 seconds.
  path: Assets/Walk (10).png
  artifactKey: Guid(39ad5c8ee87db014e88a5deb8d119670) Importer(815301076,1909f56bfc062723c751e8b465ee728b)
Start importing Assets/Walk (10).png using Guid(39ad5c8ee87db014e88a5deb8d119670) Importer(815301076,1909f56bfc062723c751e8b465ee728b)  -> (artifact id: '121c2d4f62d09ed5370012d1a87ae9cc') in 0.019378 seconds 
  Import took 0.022678 seconds .

========================================================================
Received Import Request.
  Time since last request: 0.000422 seconds.
  path: Assets/Slide (9).png
  artifactKey: Guid(1b72560c30264d94d801b3a7fece37d3) Importer(815301076,1909f56bfc062723c751e8b465ee728b)
Start importing Assets/Slide (9).png using Guid(1b72560c30264d94d801b3a7fece37d3) Importer(815301076,1909f56bfc062723c751e8b465ee728b)  -> (artifact id: 'd43202379b05c5adff01697ced3d0ec1') in 0.021749 seconds 
  Import took 0.026201 seconds .

========================================================================
Received Import Request.
  Time since last request: 0.000458 seconds.
  path: Assets/Run (3).png
  artifactKey: Guid(1006002cfb3bd3947aa7c40dcf0c65f8) Importer(815301076,1909f56bfc062723c751e8b465ee728b)
Start importing Assets/Run (3).png using Guid(1006002cfb3bd3947aa7c40dcf0c65f8) Importer(815301076,1909f56bfc062723c751e8b465ee728b)  -> (artifact id: '934243cf9c380bcbd67f89d3f48f7998') in 0.022171 seconds 
  Import took 0.025655 seconds .

========================================================================
Received Import Request.
  Time since last request: 0.000338 seconds.
  path: Assets/Walk (1).png
  artifactKey: Guid(56fc727d05ec8e24a9203170b1a8bb07) Importer(815301076,1909f56bfc062723c751e8b465ee728b)
Start importing Assets/Walk (1).png using Guid(56fc727d05ec8e24a9203170b1a8bb07) Importer(815301076,1909f56bfc062723c751e8b465ee728b)  -> (artifact id: 'd1fecd060d1e6e74cc33580b37aa6e39') in 0.019625 seconds 
  Import took 0.023062 seconds .

========================================================================
Received Import Request.
  Time since last request: 0.000395 seconds.
  path: Assets/Walk (3).png
  artifactKey: Guid(9a3d40e5772325045a70b3a7832f7987) Importer(815301076,1909f56bfc062723c751e8b465ee728b)
Start importing Assets/Walk (3).png using Guid(9a3d40e5772325045a70b3a7832f7987) Importer(815301076,1909f56bfc062723c751e8b465ee728b)  -> (artifact id: 'f9ff7fbf66491c414a73309669c0f0e6') in 0.020236 seconds 
  Import took 0.023867 seconds .

========================================================================
Received Import Request.
  Time since last request: 0.000436 seconds.
  path: Assets/Run (2).png
  artifactKey: Guid(23c1ce3c83faf1e45bf0b4ebe864fe76) Importer(815301076,1909f56bfc062723c751e8b465ee728b)
Start importing Assets/Run (2).png using Guid(23c1ce3c83faf1e45bf0b4ebe864fe76) Importer(815301076,1909f56bfc062723c751e8b465ee728b)  -> (artifact id: '8b214157a56f9a681a1962b238237b16') in 0.020551 seconds 
  Import took 0.024117 seconds .

========================================================================
Received Import Request.
  Time since last request: 0.000668 seconds.
  path: Assets/Slide (3).png
  artifactKey: Guid(bdc43de515345034490aeec0572f965f) Importer(815301076,1909f56bfc062723c751e8b465ee728b)
Start importing Assets/Slide (3).png using Guid(bdc43de515345034490aeec0572f965f) Importer(815301076,1909f56bfc062723c751e8b465ee728b)  -> (artifact id: 'cf5adde23d0a6b28f1ed76fc4bb97ebd') in 0.024540 seconds 
  Import took 0.027699 seconds .

========================================================================
Received Import Request.
  Time since last request: 3.149707 seconds.
  path: Assets/Idle (9).png
  artifactKey: Guid(1bdf28ceadef3744ab4e06e3f498af29) Importer(815301076,1909f56bfc062723c751e8b465ee728b)
Start importing Assets/Idle (9).png using Guid(1bdf28ceadef3744ab4e06e3f498af29) Importer(815301076,1909f56bfc062723c751e8b465ee728b)  -> (artifact id: '3010a5157aabd5310cbc39e3c4d3decc') in 0.022377 seconds 
  Import took 0.026400 seconds .

========================================================================
Received Import Request.
  Time since last request: 0.000396 seconds.
  path: Assets/Idle (3).png
  artifactKey: Guid(ea8ff55e646d3f443af9740a3f7c4ea3) Importer(815301076,1909f56bfc062723c751e8b465ee728b)
Start importing Assets/Idle (3).png using Guid(ea8ff55e646d3f443af9740a3f7c4ea3) Importer(815301076,1909f56bfc062723c751e8b465ee728b)  -> (artifact id: 'a0fd4957b15e1c35bd82962811b829b8') in 0.018681 seconds 
  Import took 0.022006 seconds .

========================================================================
Received Import Request.
  Time since last request: 0.000457 seconds.
  path: Assets/Jump (4).png
  artifactKey: Guid(cfa3adda99410414c9947a41a655e7ce) Importer(815301076,1909f56bfc062723c751e8b465ee728b)
Start importing Assets/Jump (4).png using Guid(cfa3adda99410414c9947a41a655e7ce) Importer(815301076,1909f56bfc062723c751e8b465ee728b)  -> (artifact id: '4d267203606fc9b63729e709ff048bbc') in 0.019394 seconds 
  Import took 0.023656 seconds .

========================================================================
Received Import Request.
  Time since last request: 0.000528 seconds.
  path: Assets/Hurt (3).png
  artifactKey: Guid(05c977cd343843547807c5c362e4f5a7) Importer(815301076,1909f56bfc062723c751e8b465ee728b)
Start importing Assets/Hurt (3).png using Guid(05c977cd343843547807c5c362e4f5a7) Importer(815301076,1909f56bfc062723c751e8b465ee728b)  -> (artifact id: 'd99f439726369e4023912aa5743ddea3') in 0.020282 seconds 
  Import took 0.023056 seconds .

========================================================================
Received Import Request.
  Time since last request: 0.000449 seconds.
  path: Assets/Idle (5).png
  artifactKey: Guid(831c6cc943c0d4d4bb1eb7518a59cf99) Importer(815301076,1909f56bfc062723c751e8b465ee728b)
Start importing Assets/Idle (5).png using Guid(831c6cc943c0d4d4bb1eb7518a59cf99) Importer(815301076,1909f56bfc062723c751e8b465ee728b)  -> (artifact id: '28814860e12b1963e2190e64d96b1dc9') in 0.020096 seconds 
  Import took 0.024196 seconds .

========================================================================
Received Import Request.
  Time since last request: 0.000473 seconds.
  path: Assets/Idle (6).png
  artifactKey: Guid(402e2b0ff8ebe404699be98fc87c42fe) Importer(815301076,1909f56bfc062723c751e8b465ee728b)
Start importing Assets/Idle (6).png using Guid(402e2b0ff8ebe404699be98fc87c42fe) Importer(815301076,1909f56bfc062723c751e8b465ee728b)  -> (artifact id: '9e495ef9c7e50c0d3432905f07bc35ac') in 0.018640 seconds 
  Import took 0.022410 seconds .

========================================================================
Received Import Request.
  Time since last request: 0.000377 seconds.
  path: Assets/Idle (2).png
  artifactKey: Guid(5e91c84f28d1e5d4483dcff27a04d468) Importer(815301076,1909f56bfc062723c751e8b465ee728b)
Start importing Assets/Idle (2).png using Guid(5e91c84f28d1e5d4483dcff27a04d468) Importer(815301076,1909f56bfc062723c751e8b465ee728b)  -> (artifact id: 'ea03c328a6605fe92cec0294f04824ce') in 0.021781 seconds 
  Import took 0.025886 seconds .

========================================================================
Received Import Request.
  Time since last request: 0.000404 seconds.
  path: Assets/Jump (1).png
  artifactKey: Guid(901306bee3e4320418aca280483dc8bb) Importer(815301076,1909f56bfc062723c751e8b465ee728b)
Start importing Assets/Jump (1).png using Guid(901306bee3e4320418aca280483dc8bb) Importer(815301076,1909f56bfc062723c751e8b465ee728b)  -> (artifact id: '159486d682d8149674b1e37bb2334dce') in 0.195986 seconds 
  Import took 0.199889 seconds .

========================================================================
Received Import Request.
  Time since last request: 0.000447 seconds.
  path: Assets/Dead (5).png
  artifactKey: Guid(23c2d9bc740fac247b441cd739669b0f) Importer(815301076,1909f56bfc062723c751e8b465ee728b)
Start importing Assets/Dead (5).png using Guid(23c2d9bc740fac247b441cd739669b0f) Importer(815301076,1909f56bfc062723c751e8b465ee728b)  -> (artifact id: '9006e36611724d95b762d4d23f943afc') in 0.020313 seconds 
  Import took 0.023779 seconds .

========================================================================
Received Import Request.
  Time since last request: 0.000424 seconds.
  path: Assets/Dead (1).png
  artifactKey: Guid(93a07dae4f660bd47af3c1d2dffe6961) Importer(815301076,1909f56bfc062723c751e8b465ee728b)
Start importing Assets/Dead (1).png using Guid(93a07dae4f660bd47af3c1d2dffe6961) Importer(815301076,1909f56bfc062723c751e8b465ee728b)  -> (artifact id: 'df0bbb44c18bcaccb656b5be44d995a4') in 0.019939 seconds 
  Import took 0.024373 seconds .

========================================================================
Received Import Request.
  Time since last request: 0.000525 seconds.
  path: Assets/Dead (7).png
  artifactKey: Guid(79697f362ac3b26439f6825990844bfc) Importer(815301076,1909f56bfc062723c751e8b465ee728b)
Start importing Assets/Dead (7).png using Guid(79697f362ac3b26439f6825990844bfc) Importer(815301076,1909f56bfc062723c751e8b465ee728b)  -> (artifact id: '065dcc13f6f86d31159b62c95284398c') in 0.196790 seconds 
  Import took 0.200681 seconds .

========================================================================
Received Import Request.
  Time since last request: 0.000468 seconds.
  path: Assets/Dead (2).png
  artifactKey: Guid(8222f4f1ee435114a91382702e33d7e9) Importer(815301076,1909f56bfc062723c751e8b465ee728b)
Start importing Assets/Dead (2).png using Guid(8222f4f1ee435114a91382702e33d7e9) Importer(815301076,1909f56bfc062723c751e8b465ee728b)  -> (artifact id: '9a53098f6767c8ffb9e89ccf4d27e42b') in 0.022744 seconds 
  Import took 0.025956 seconds .

========================================================================
Received Import Request.
  Time since last request: 0.000380 seconds.
  path: Assets/Fall (8).png
  artifactKey: Guid(e253da513e209774e80c1af6082a6ae9) Importer(815301076,1909f56bfc062723c751e8b465ee728b)
Start importing Assets/Fall (8).png using Guid(e253da513e209774e80c1af6082a6ae9) Importer(815301076,1909f56bfc062723c751e8b465ee728b)  -> (artifact id: '18c154047a0c6f8930486139ed44e568') in 0.023739 seconds 
  Import took 0.027528 seconds .

========================================================================
Received Import Request.
  Time since last request: 0.000461 seconds.
  path: Assets/Fall (3).png
  artifactKey: Guid(d6d023c20492c824f8bd2fed797b1c5e) Importer(815301076,1909f56bfc062723c751e8b465ee728b)
Start importing Assets/Fall (3).png using Guid(d6d023c20492c824f8bd2fed797b1c5e) Importer(815301076,1909f56bfc062723c751e8b465ee728b)  -> (artifact id: '2d8a1fab41a00fcf588925b678a20636') in 0.021824 seconds 
  Import took 0.026533 seconds .

========================================================================
Received Import Request.
  Time since last request: 0.000371 seconds.
  path: Assets/Jump (2).png
  artifactKey: Guid(02c805f64eff88d4f87a3011741cb36b) Importer(815301076,1909f56bfc062723c751e8b465ee728b)
Start importing Assets/Jump (2).png using Guid(02c805f64eff88d4f87a3011741cb36b) Importer(815301076,1909f56bfc062723c751e8b465ee728b)  -> (artifact id: '6527e12db0dd4494f80929476ade29d0') in 0.022325 seconds 
  Import took 0.026579 seconds .

========================================================================
Received Import Request.
  Time since last request: 0.000537 seconds.
  path: Assets/Idle (8).png
  artifactKey: Guid(63fb5e13f98730743ad70c481ed7fcc8) Importer(815301076,1909f56bfc062723c751e8b465ee728b)
Start importing Assets/Idle (8).png using Guid(63fb5e13f98730743ad70c481ed7fcc8) Importer(815301076,1909f56bfc062723c751e8b465ee728b)  -> (artifact id: '58fd8a6c02e1dbabff9807794d05758c') in 0.021912 seconds 
  Import took 0.026521 seconds .

========================================================================
Received Import Request.
  Time since last request: 0.000450 seconds.
  path: Assets/Dead (6).png
  artifactKey: Guid(94ea7db0eb99a6b44ae9bafab7fd2456) Importer(815301076,1909f56bfc062723c751e8b465ee728b)
Start importing Assets/Dead (6).png using Guid(94ea7db0eb99a6b44ae9bafab7fd2456) Importer(815301076,1909f56bfc062723c751e8b465ee728b)  -> (artifact id: '62833f4fe337436be499e171ad468e93') in 0.021038 seconds 
  Import took 0.025247 seconds .

========================================================================
Received Import Request.
  Time since last request: 0.000567 seconds.
  path: Assets/Dead (3).png
  artifactKey: Guid(71799a441bbcc4b42ac4b409429b841c) Importer(815301076,1909f56bfc062723c751e8b465ee728b)
Start importing Assets/Dead (3).png using Guid(71799a441bbcc4b42ac4b409429b841c) Importer(815301076,1909f56bfc062723c751e8b465ee728b)  -> (artifact id: 'b3bade39dc5f433adaf62c7d7b106b97') in 0.020062 seconds 
  Import took 0.023844 seconds .

========================================================================
Received Import Request.
  Time since last request: 0.000396 seconds.
  path: Assets/Dead (4).png
  artifactKey: Guid(eee8ea8f2c55f5b49b898dedc83198b0) Importer(815301076,1909f56bfc062723c751e8b465ee728b)
Start importing Assets/Dead (4).png using Guid(eee8ea8f2c55f5b49b898dedc83198b0) Importer(815301076,1909f56bfc062723c751e8b465ee728b)  -> (artifact id: '94e7361e41861ec8552d7b424ae08c50') in 0.021246 seconds 
  Import took 0.025461 seconds .

========================================================================
Received Import Request.
  Time since last request: 0.000493 seconds.
  path: Assets/Fall (6).png
  artifactKey: Guid(f5b596e4a50213643ad970d115f1971d) Importer(815301076,1909f56bfc062723c751e8b465ee728b)
Start importing Assets/Fall (6).png using Guid(f5b596e4a50213643ad970d115f1971d) Importer(815301076,1909f56bfc062723c751e8b465ee728b)  -> (artifact id: 'bbf96d243c4c261ee2c253a71851cac7') in 0.020982 seconds 
  Import took 0.025179 seconds .

========================================================================
Received Import Request.
  Time since last request: 0.000475 seconds.
  path: Assets/Idle (1).png
  artifactKey: Guid(1b76146bb8008094e972351165142eaf) Importer(815301076,1909f56bfc062723c751e8b465ee728b)
Start importing Assets/Idle (1).png using Guid(1b76146bb8008094e972351165142eaf) Importer(815301076,1909f56bfc062723c751e8b465ee728b)  -> (artifact id: '21f13e84d2417777a4682891c52cc8fb') in 0.019525 seconds 
  Import took 0.023599 seconds .

========================================================================
Received Import Request.
  Time since last request: 0.000626 seconds.
  path: Assets/Hurt (8).png
  artifactKey: Guid(1259ea0dca6e8184a99ecfcb2a76536f) Importer(815301076,1909f56bfc062723c751e8b465ee728b)
Start importing Assets/Hurt (8).png using Guid(1259ea0dca6e8184a99ecfcb2a76536f) Importer(815301076,1909f56bfc062723c751e8b465ee728b)  -> (artifact id: '592cacaedf16e25e84760dae6d5e9c0f') in 0.020220 seconds 
  Import took 0.023669 seconds .

========================================================================
Received Import Request.
  Time since last request: 0.000341 seconds.
  path: Assets/Dead (8).png
  artifactKey: Guid(d78c2a6f1304d794bbd8f3132caf9dff) Importer(815301076,1909f56bfc062723c751e8b465ee728b)
Start importing Assets/Dead (8).png using Guid(d78c2a6f1304d794bbd8f3132caf9dff) Importer(815301076,1909f56bfc062723c751e8b465ee728b)  -> (artifact id: 'b455d805c289bfb7b98337c3e84b1d4c') in 0.019139 seconds 
  Import took 0.022264 seconds .

========================================================================
Received Import Request.
  Time since last request: 0.000527 seconds.
  path: Assets/Hurt (2).png
  artifactKey: Guid(8b7d6f18e9091b147800d01b4c202867) Importer(815301076,1909f56bfc062723c751e8b465ee728b)
Start importing Assets/Hurt (2).png using Guid(8b7d6f18e9091b147800d01b4c202867) Importer(815301076,1909f56bfc062723c751e8b465ee728b)  -> (artifact id: '04e1e506ee43277355878ed6a7c1cc38') in 0.019788 seconds 
  Import took 0.023641 seconds .

========================================================================
Received Import Request.
  Time since last request: 0.000421 seconds.
  path: Assets/Jump (5).png
  artifactKey: Guid(0bdef377d04047d4fbe44838e52d2fda) Importer(815301076,1909f56bfc062723c751e8b465ee728b)
Start importing Assets/Jump (5).png using Guid(0bdef377d04047d4fbe44838e52d2fda) Importer(815301076,1909f56bfc062723c751e8b465ee728b)  -> (artifact id: 'a72f8ea2dbb4bae20e2d3d9c584c3313') in 0.019947 seconds 
  Import took 0.023835 seconds .

========================================================================
Received Import Request.
  Time since last request: 0.000355 seconds.
  path: Assets/Idle (10).png
  artifactKey: Guid(22ccba6f66c9419449ebf7642024536b) Importer(815301076,1909f56bfc062723c751e8b465ee728b)
Start importing Assets/Idle (10).png using Guid(22ccba6f66c9419449ebf7642024536b) Importer(815301076,1909f56bfc062723c751e8b465ee728b)  -> (artifact id: 'a070650791f320f99ca6228c34e4c2e7') in 0.021325 seconds 
  Import took 0.025286 seconds .

========================================================================
Received Import Request.
  Time since last request: 0.000422 seconds.
  path: Assets/Jump (7).png
  artifactKey: Guid(494787ef13cd78d40b5f00b3cac41a06) Importer(815301076,1909f56bfc062723c751e8b465ee728b)
Start importing Assets/Jump (7).png using Guid(494787ef13cd78d40b5f00b3cac41a06) Importer(815301076,1909f56bfc062723c751e8b465ee728b)  -> (artifact id: '063778e66c0b23451773b86170f14fe8') in 0.022169 seconds 
  Import took 0.026938 seconds .

========================================================================
Received Import Request.
  Time since last request: 0.000385 seconds.
  path: Assets/Hurt (6).png
  artifactKey: Guid(6d4316d42fb20064389c57a22e38c19e) Importer(815301076,1909f56bfc062723c751e8b465ee728b)
Start importing Assets/Hurt (6).png using Guid(6d4316d42fb20064389c57a22e38c19e) Importer(815301076,1909f56bfc062723c751e8b465ee728b)  -> (artifact id: '9866b7427b854b9d9e8554325c9cb23f') in 0.021492 seconds 
  Import took 0.025933 seconds .

========================================================================
Received Import Request.
  Time since last request: 0.000349 seconds.
  path: Assets/Jump (8).png
  artifactKey: Guid(7fc9f99397eadc34b8c7100bb81a5dfe) Importer(815301076,1909f56bfc062723c751e8b465ee728b)
Start importing Assets/Jump (8).png using Guid(7fc9f99397eadc34b8c7100bb81a5dfe) Importer(815301076,1909f56bfc062723c751e8b465ee728b)  -> (artifact id: '06a877132140ef8cf87e132e681898fa') in 0.019748 seconds 
  Import took 0.024542 seconds .

========================================================================
Received Import Request.
  Time since last request: 0.000514 seconds.
  path: Assets/Hurt (9).png
  artifactKey: Guid(55ef8d357cfe54c4bac6d6978b8a6f33) Importer(815301076,1909f56bfc062723c751e8b465ee728b)
Start importing Assets/Hurt (9).png using Guid(55ef8d357cfe54c4bac6d6978b8a6f33) Importer(815301076,1909f56bfc062723c751e8b465ee728b)  -> (artifact id: 'f6983b4375b5891d28a9eaabce59c965') in 0.021976 seconds 
  Import took 0.025657 seconds .

========================================================================
Received Import Request.
  Time since last request: 0.000349 seconds.
  path: Assets/Fall (7).png
  artifactKey: Guid(337e9bfe9d674764a9a1917eece8798e) Importer(815301076,1909f56bfc062723c751e8b465ee728b)
Start importing Assets/Fall (7).png using Guid(337e9bfe9d674764a9a1917eece8798e) Importer(815301076,1909f56bfc062723c751e8b465ee728b)  -> (artifact id: 'e0d0ace8e0de88685b51c79e3be14194') in 0.021614 seconds 
  Import took 0.026241 seconds .

========================================================================
Received Import Request.
  Time since last request: 0.000374 seconds.
  path: Assets/Hurt (4).png
  artifactKey: Guid(90514ba9a9e6ab747a1661dffe5aa5b2) Importer(815301076,1909f56bfc062723c751e8b465ee728b)
Start importing Assets/Hurt (4).png using Guid(90514ba9a9e6ab747a1661dffe5aa5b2) Importer(815301076,1909f56bfc062723c751e8b465ee728b)  -> (artifact id: 'b82b8e21a8f9e07902a8158c9127b819') in 0.022785 seconds 
  Import took 0.028472 seconds .

========================================================================
Received Import Request.
  Time since last request: 0.000394 seconds.
  path: Assets/Idle (4).png
  artifactKey: Guid(7601a9d9a6a4610469d39bdca4b80d25) Importer(815301076,1909f56bfc062723c751e8b465ee728b)
Start importing Assets/Idle (4).png using Guid(7601a9d9a6a4610469d39bdca4b80d25) Importer(815301076,1909f56bfc062723c751e8b465ee728b)  -> (artifact id: 'd33a936159bcdbcb23be7b5eb69ce991') in 0.020213 seconds 
  Import took 0.024112 seconds .

========================================================================
Received Import Request.
  Time since last request: 0.000431 seconds.
  path: Assets/Jump (3).png
  artifactKey: Guid(9b312c2e8afa45a489642698ffcfc697) Importer(815301076,1909f56bfc062723c751e8b465ee728b)
Start importing Assets/Jump (3).png using Guid(9b312c2e8afa45a489642698ffcfc697) Importer(815301076,1909f56bfc062723c751e8b465ee728b)  -> (artifact id: '9c225f255ade3832557c8814b793793e') in 0.019412 seconds 
  Import took 0.023014 seconds .

========================================================================
Received Import Request.
  Time since last request: 0.000453 seconds.
  path: Assets/Fall (1).png
  artifactKey: Guid(a85fd8684f1a76049a5684ba308297c3) Importer(815301076,1909f56bfc062723c751e8b465ee728b)
Start importing Assets/Fall (1).png using Guid(a85fd8684f1a76049a5684ba308297c3) Importer(815301076,1909f56bfc062723c751e8b465ee728b)  -> (artifact id: '5f0511df8552951cc2996191844040cb') in 0.018256 seconds 
  Import took 0.022326 seconds .

========================================================================
Received Import Request.
  Time since last request: 0.000366 seconds.
  path: Assets/Hurt (5).png
  artifactKey: Guid(89e6248c8b9b1ea428752e1b5c3f75a2) Importer(815301076,1909f56bfc062723c751e8b465ee728b)
Start importing Assets/Hurt (5).png using Guid(89e6248c8b9b1ea428752e1b5c3f75a2) Importer(815301076,1909f56bfc062723c751e8b465ee728b)  -> (artifact id: 'ab66d76178412c6ff569dbffab99df31') in 0.018993 seconds 
  Import took 0.022734 seconds .

========================================================================
Received Import Request.
  Time since last request: 0.000360 seconds.
  path: Assets/Idle (7).png
  artifactKey: Guid(f93f18d5dac21f44eba6e0081a1fd312) Importer(815301076,1909f56bfc062723c751e8b465ee728b)
Start importing Assets/Idle (7).png using Guid(f93f18d5dac21f44eba6e0081a1fd312) Importer(815301076,1909f56bfc062723c751e8b465ee728b)  -> (artifact id: 'ceb7726331230cbdde0a16ea7804a53a') in 0.022650 seconds 
  Import took 0.027431 seconds .

========================================================================
Received Import Request.
  Time since last request: 0.000414 seconds.
  path: Assets/Fall (5).png
  artifactKey: Guid(b0b9e5a8a2ec5104489f6f610762815c) Importer(815301076,1909f56bfc062723c751e8b465ee728b)
Start importing Assets/Fall (5).png using Guid(b0b9e5a8a2ec5104489f6f610762815c) Importer(815301076,1909f56bfc062723c751e8b465ee728b)  -> (artifact id: '1c7d604f30bd37be36f427a9f02ccdf5') in 0.019932 seconds 
  Import took 0.024529 seconds .

========================================================================
Received Import Request.
  Time since last request: 0.000450 seconds.
  path: Assets/Dead (9).png
  artifactKey: Guid(d00ffd9084560164eaef0ec3452a08f1) Importer(815301076,1909f56bfc062723c751e8b465ee728b)
Start importing Assets/Dead (9).png using Guid(d00ffd9084560164eaef0ec3452a08f1) Importer(815301076,1909f56bfc062723c751e8b465ee728b)  -> (artifact id: '30366b6069c1f35281a1e12b92053407') in 0.018952 seconds 
  Import took 0.022949 seconds .

========================================================================
Received Import Request.
  Time since last request: 0.000385 seconds.
  path: Assets/Hurt (7).png
  artifactKey: Guid(cf9ba07176697de499354db6d76d2541) Importer(815301076,1909f56bfc062723c751e8b465ee728b)
Start importing Assets/Hurt (7).png using Guid(cf9ba07176697de499354db6d76d2541) Importer(815301076,1909f56bfc062723c751e8b465ee728b)  -> (artifact id: 'b1759df2503aea6e1d9a5ef949872de0') in 0.019510 seconds 
  Import took 0.022643 seconds .

========================================================================
Received Import Request.
  Time since last request: 0.000343 seconds.
  path: Assets/Hurt (1).png
  artifactKey: Guid(be8fb99b99091604ea15289f2faa5237) Importer(815301076,1909f56bfc062723c751e8b465ee728b)
Start importing Assets/Hurt (1).png using Guid(be8fb99b99091604ea15289f2faa5237) Importer(815301076,1909f56bfc062723c751e8b465ee728b)  -> (artifact id: '0cbf936ca2d9ac559ea18bd8ad80db23') in 0.021332 seconds 
  Import took 0.024687 seconds .

========================================================================
Received Import Request.
  Time since last request: 0.000310 seconds.
  path: Assets/Fall (2).png
  artifactKey: Guid(7ba0e37ac7dd4e249927efa2395cdf8d) Importer(815301076,1909f56bfc062723c751e8b465ee728b)
Start importing Assets/Fall (2).png using Guid(7ba0e37ac7dd4e249927efa2395cdf8d) Importer(815301076,1909f56bfc062723c751e8b465ee728b)  -> (artifact id: '9cad5f532946572edfaa27d1146ffe70') in 0.019217 seconds 
  Import took 0.023572 seconds .

========================================================================
Received Import Request.
  Time since last request: 0.000408 seconds.
  path: Assets/Fall (4).png
  artifactKey: Guid(a60dfc421b425cd459d00424e2753925) Importer(815301076,1909f56bfc062723c751e8b465ee728b)
Start importing Assets/Fall (4).png using Guid(a60dfc421b425cd459d00424e2753925) Importer(815301076,1909f56bfc062723c751e8b465ee728b)  -> (artifact id: '27248eba1bec044da8480ba14b3a0857') in 0.018879 seconds 
  Import took 0.022883 seconds .

========================================================================
Received Import Request.
  Time since last request: 0.000343 seconds.
  path: Assets/Jump (6).png
  artifactKey: Guid(35ed97a1991aa9e4498c51e355f550d3) Importer(815301076,1909f56bfc062723c751e8b465ee728b)
Start importing Assets/Jump (6).png using Guid(35ed97a1991aa9e4498c51e355f550d3) Importer(815301076,1909f56bfc062723c751e8b465ee728b)  -> (artifact id: '9730b75ddfec0b3a8626d66d08cf36fd') in 0.017818 seconds 
  Import took 0.021171 seconds .

========================================================================
Received Import Request.
  Time since last request: 0.000423 seconds.
  path: Assets/Hurt (10).png
  artifactKey: Guid(e3b76507dbed737408500bef8a36cb78) Importer(815301076,1909f56bfc062723c751e8b465ee728b)
Start importing Assets/Hurt (10).png using Guid(e3b76507dbed737408500bef8a36cb78) Importer(815301076,1909f56bfc062723c751e8b465ee728b)  -> (artifact id: '910e8dce7666bad3f3d0cfac2c63dfaf') in 0.017667 seconds 
  Import took 0.020638 seconds .

========================================================================
Received Import Request.
  Time since last request: 0.000273 seconds.
  path: Assets/Dead (10).png
  artifactKey: Guid(d39841b94e8e639478dd850ea5989a93) Importer(815301076,1909f56bfc062723c751e8b465ee728b)
Start importing Assets/Dead (10).png using Guid(d39841b94e8e639478dd850ea5989a93) Importer(815301076,1909f56bfc062723c751e8b465ee728b)  -> (artifact id: '71a72101bb114ba7fb2c85ca4907278a') in 0.016788 seconds 
  Import took 0.020199 seconds .

========================================================================
Received Prepare
Registering precompiled user dll's ...
Registered in 0.008133 seconds.
Begin MonoManager ReloadAssembly
Native extension for WindowsStandalone target not found
Refreshing native plugins compatible for Editor in 0.35 ms, found 2 plugins.
Preloading 0 native plugins for Editor in 0.00 ms.
Mono: successfully reloaded assembly
- Completed reload, in  1.203 seconds
Domain Reload Profiling:
	ReloadAssembly (1203ms)
		BeginReloadAssembly (136ms)
			ExecutionOrderSort (0ms)
			DisableScriptedObjects (6ms)
			BackupInstance (0ms)
			ReleaseScriptingObjects (0ms)
			CreateAndSetChildDomain (39ms)
		EndReloadAssembly (988ms)
			LoadAssemblies (107ms)
			RebuildTransferFunctionScriptingTraits (0ms)
			SetupTypeCache (359ms)
			ReleaseScriptCaches (1ms)
			RebuildScriptCaches (46ms)
			SetupLoadedEditorAssemblies (351ms)
				LogAssemblyErrors (0ms)
				InitializePlatformSupportModulesInManaged (6ms)
				SetLoadedEditorAssemblies (1ms)
				RefreshPlugins (0ms)
				BeforeProcessingInitializeOnLoad (104ms)
				ProcessInitializeOnLoadAttributes (217ms)
				ProcessInitializeOnLoadMethodAttributes (12ms)
				AfterProcessingInitializeOnLoad (12ms)
				EditorAssembliesLoaded (0ms)
			ExecutionOrderSort2 (0ms)
			AwakeInstancesAfterBackupRestoration (8ms)
Platform modules already initialized, skipping
Refreshing native plugins compatible for Editor in 0.42 ms, found 2 plugins.
Preloading 0 native plugins for Editor in 0.00 ms.
Unloading 1498 Unused Serialized files (Serialized files now loaded: 0)
System memory in use before: 68.5 MB.
System memory in use after: 68.6 MB.

Unloading 14 unused Assets to reduce memory usage. Loaded Objects now: 1942.
Total: 3.225200 ms (FindLiveObjects: 0.153500 ms CreateObjectMapping: 0.048100 ms MarkObjects: 3.006200 ms  DeleteObjects: 0.016300 ms)

AssetImportParameters requested are different than current active one (requested -> active):
  custom:framework-win-MediaFoundation: 216162199b28c13a410421893ffa2e32 -> 
  custom:video-decoder-ogg-theora: a1e56fd34408186e4bbccfd4996cb3dc -> 
  custom:container-muxer-webm: aa71ff27fc2769a1b78a27578f13a17b -> 
  custom:container-demuxer-webm: 4f35f7cbe854078d1ac9338744f61a02 -> 
  custom:container-demuxer-ogg: 62fdf1f143b41e24485cea50d1cbac27 -> 
  custom:video-encoder-webm-vp8: eb34c28f22e8b96e1ab97ce403110664 -> 
  custom:video-decoder-webm-vp8: 9c59270c3fd7afecdb556c50c9e8de78 -> 
  custom:audio-decoder-ogg-vorbis: bf7c407c2cedff20999df2af8eb42d56 -> 
  custom:audio-encoder-webm-vorbis: bf7c407c2cedff20999df2af8eb42d56 -> 
========================================================================
Received Import Request.
  Time since last request: 326.356202 seconds.
  path: Assets/Sprites/Idle (10).png
  artifactKey: Guid(22ccba6f66c9419449ebf7642024536b) Importer(815301076,1909f56bfc062723c751e8b465ee728b)
Start importing Assets/Sprites/Idle (10).png using Guid(22ccba6f66c9419449ebf7642024536b) Importer(815301076,1909f56bfc062723c751e8b465ee728b)  -> (artifact id: 'fa7181565c5680fef29a6f7c4ffcad0e') in 0.125187 seconds 
  Import took 0.130015 seconds .

========================================================================
Received Import Request.
  Time since last request: 0.000434 seconds.
  path: Assets/Sprites/Idle (3).png
  artifactKey: Guid(ea8ff55e646d3f443af9740a3f7c4ea3) Importer(815301076,1909f56bfc062723c751e8b465ee728b)
Start importing Assets/Sprites/Idle (3).png using Guid(ea8ff55e646d3f443af9740a3f7c4ea3) Importer(815301076,1909f56bfc062723c751e8b465ee728b)  -> (artifact id: 'e07ea6c8713398687edc5fa19760890f') in 0.022625 seconds 
  Import took 0.025449 seconds .

========================================================================
Received Import Request.
  Time since last request: 0.000554 seconds.
  path: Assets/Sprites/Idle (5).png
  artifactKey: Guid(831c6cc943c0d4d4bb1eb7518a59cf99) Importer(815301076,1909f56bfc062723c751e8b465ee728b)
Start importing Assets/Sprites/Idle (5).png using Guid(831c6cc943c0d4d4bb1eb7518a59cf99) Importer(815301076,1909f56bfc062723c751e8b465ee728b)  -> (artifact id: '562f7694df28c79483e0e30958beefe3') in 0.024005 seconds 
  Import took 0.027986 seconds .

========================================================================
Received Import Request.
  Time since last request: 0.000558 seconds.
  path: Assets/Sprites/Idle (6).png
  artifactKey: Guid(402e2b0ff8ebe404699be98fc87c42fe) Importer(815301076,1909f56bfc062723c751e8b465ee728b)
Start importing Assets/Sprites/Idle (6).png using Guid(402e2b0ff8ebe404699be98fc87c42fe) Importer(815301076,1909f56bfc062723c751e8b465ee728b)  -> (artifact id: '68d5cfc3c7fff1b5c4f2252d9e792f02') in 0.023225 seconds 
  Import took 0.026565 seconds .

========================================================================
Received Import Request.
  Time since last request: 0.000449 seconds.
  path: Assets/Sprites/Idle (2).png
  artifactKey: Guid(5e91c84f28d1e5d4483dcff27a04d468) Importer(815301076,1909f56bfc062723c751e8b465ee728b)
Start importing Assets/Sprites/Idle (2).png using Guid(5e91c84f28d1e5d4483dcff27a04d468) Importer(815301076,1909f56bfc062723c751e8b465ee728b)  -> (artifact id: '1c6daf93cb595e4dec1fc7d0143a1134') in 0.021788 seconds 
  Import took 0.025361 seconds .

========================================================================
Received Import Request.
  Time since last request: 0.000572 seconds.
  path: Assets/Sprites/Idle (8).png
  artifactKey: Guid(63fb5e13f98730743ad70c481ed7fcc8) Importer(815301076,1909f56bfc062723c751e8b465ee728b)
Start importing Assets/Sprites/Idle (8).png using Guid(63fb5e13f98730743ad70c481ed7fcc8) Importer(815301076,1909f56bfc062723c751e8b465ee728b)  -> (artifact id: 'edc452e94ab6ed5dffc38e5f4caa012c') in 0.021413 seconds 
  Import took 0.025379 seconds .

========================================================================
Received Import Request.
  Time since last request: 0.000342 seconds.
  path: Assets/Sprites/Idle (9).png
  artifactKey: Guid(1bdf28ceadef3744ab4e06e3f498af29) Importer(815301076,1909f56bfc062723c751e8b465ee728b)
Start importing Assets/Sprites/Idle (9).png using Guid(1bdf28ceadef3744ab4e06e3f498af29) Importer(815301076,1909f56bfc062723c751e8b465ee728b)  -> (artifact id: 'b3b15c7df1062ea98ea517af6fdf52c9') in 0.023792 seconds 
  Import took 0.027831 seconds .

========================================================================
Received Import Request.
  Time since last request: 0.000422 seconds.
  path: Assets/Sprites/Idle (1).png
  artifactKey: Guid(1b76146bb8008094e972351165142eaf) Importer(815301076,1909f56bfc062723c751e8b465ee728b)
Start importing Assets/Sprites/Idle (1).png using Guid(1b76146bb8008094e972351165142eaf) Importer(815301076,1909f56bfc062723c751e8b465ee728b)  -> (artifact id: 'fe125d065a3a82b3b7631822f377e02a') in 0.023311 seconds 
  Import took 0.027144 seconds .

========================================================================
Received Import Request.
  Time since last request: 0.000425 seconds.
  path: Assets/Sprites/Idle (4).png
  artifactKey: Guid(7601a9d9a6a4610469d39bdca4b80d25) Importer(815301076,1909f56bfc062723c751e8b465ee728b)
Start importing Assets/Sprites/Idle (4).png using Guid(7601a9d9a6a4610469d39bdca4b80d25) Importer(815301076,1909f56bfc062723c751e8b465ee728b)  -> (artifact id: '541c648f9442a15a7f6d24c9a0e45890') in 0.023262 seconds 
  Import took 0.026771 seconds .

========================================================================
Received Import Request.
  Time since last request: 0.000451 seconds.
  path: Assets/Sprites/Idle (7).png
  artifactKey: Guid(f93f18d5dac21f44eba6e0081a1fd312) Importer(815301076,1909f56bfc062723c751e8b465ee728b)
Start importing Assets/Sprites/Idle (7).png using Guid(f93f18d5dac21f44eba6e0081a1fd312) Importer(815301076,1909f56bfc062723c751e8b465ee728b)  -> (artifact id: 'd20d60a1666f800c25ac491988634af9') in 0.023225 seconds 
  Import took 0.026485 seconds .

========================================================================
Received Prepare
Registering precompiled user dll's ...
Registered in 0.007180 seconds.
Begin MonoManager ReloadAssembly
Native extension for WindowsStandalone target not found
Refreshing native plugins compatible for Editor in 0.34 ms, found 2 plugins.
Preloading 0 native plugins for Editor in 0.00 ms.
Mono: successfully reloaded assembly
- Completed reload, in  1.250 seconds
Domain Reload Profiling:
	ReloadAssembly (1251ms)
		BeginReloadAssembly (148ms)
			ExecutionOrderSort (0ms)
			DisableScriptedObjects (5ms)
			BackupInstance (0ms)
			ReleaseScriptingObjects (0ms)
			CreateAndSetChildDomain (39ms)
		EndReloadAssembly (1009ms)
			LoadAssemblies (123ms)
			RebuildTransferFunctionScriptingTraits (0ms)
			SetupTypeCache (359ms)
			ReleaseScriptCaches (1ms)
			RebuildScriptCaches (52ms)
			SetupLoadedEditorAssemblies (360ms)
				LogAssemblyErrors (0ms)
				InitializePlatformSupportModulesInManaged (6ms)
				SetLoadedEditorAssemblies (1ms)
				RefreshPlugins (0ms)
				BeforeProcessingInitializeOnLoad (101ms)
				ProcessInitializeOnLoadAttributes (226ms)
				ProcessInitializeOnLoadMethodAttributes (11ms)
				AfterProcessingInitializeOnLoad (15ms)
				EditorAssembliesLoaded (0ms)
			ExecutionOrderSort2 (0ms)
			AwakeInstancesAfterBackupRestoration (8ms)
Platform modules already initialized, skipping
Refreshing native plugins compatible for Editor in 0.60 ms, found 2 plugins.
Preloading 0 native plugins for Editor in 0.00 ms.
Unloading 1498 Unused Serialized files (Serialized files now loaded: 0)
System memory in use before: 71.6 MB.
System memory in use after: 71.7 MB.

Unloading 14 unused Assets to reduce memory usage. Loaded Objects now: 1949.
Total: 4.424200 ms (FindLiveObjects: 0.124600 ms CreateObjectMapping: 0.048900 ms MarkObjects: 4.200600 ms  DeleteObjects: 0.049000 ms)

AssetImportParameters requested are different than current active one (requested -> active):
  custom:framework-win-MediaFoundation: 216162199b28c13a410421893ffa2e32 -> 
  custom:video-decoder-ogg-theora: a1e56fd34408186e4bbccfd4996cb3dc -> 
  custom:container-muxer-webm: aa71ff27fc2769a1b78a27578f13a17b -> 
  custom:container-demuxer-webm: 4f35f7cbe854078d1ac9338744f61a02 -> 
  custom:container-demuxer-ogg: 62fdf1f143b41e24485cea50d1cbac27 -> 
  custom:video-encoder-webm-vp8: eb34c28f22e8b96e1ab97ce403110664 -> 
  custom:video-decoder-webm-vp8: 9c59270c3fd7afecdb556c50c9e8de78 -> 
  custom:audio-decoder-ogg-vorbis: bf7c407c2cedff20999df2af8eb42d56 -> 
  custom:audio-encoder-webm-vorbis: bf7c407c2cedff20999df2af8eb42d56 -> 
========================================================================
Received Prepare
Registering precompiled user dll's ...
Registered in 0.007357 seconds.
Begin MonoManager ReloadAssembly
Native extension for WindowsStandalone target not found
Refreshing native plugins compatible for Editor in 0.36 ms, found 2 plugins.
Preloading 0 native plugins for Editor in 0.00 ms.
Mono: successfully reloaded assembly
- Completed reload, in  1.243 seconds
Domain Reload Profiling:
	ReloadAssembly (1244ms)
		BeginReloadAssembly (137ms)
			ExecutionOrderSort (0ms)
			DisableScriptedObjects (6ms)
			BackupInstance (0ms)
			ReleaseScriptingObjects (0ms)
			CreateAndSetChildDomain (37ms)
		EndReloadAssembly (1020ms)
			LoadAssemblies (120ms)
			RebuildTransferFunctionScriptingTraits (0ms)
			SetupTypeCache (363ms)
			ReleaseScriptCaches (1ms)
			RebuildScriptCaches (47ms)
			SetupLoadedEditorAssemblies (363ms)
				LogAssemblyErrors (0ms)
				InitializePlatformSupportModulesInManaged (6ms)
				SetLoadedEditorAssemblies (1ms)
				RefreshPlugins (0ms)
				BeforeProcessingInitializeOnLoad (103ms)
				ProcessInitializeOnLoadAttributes (229ms)
				ProcessInitializeOnLoadMethodAttributes (13ms)
				AfterProcessingInitializeOnLoad (12ms)
				EditorAssembliesLoaded (0ms)
			ExecutionOrderSort2 (0ms)
			AwakeInstancesAfterBackupRestoration (9ms)
Platform modules already initialized, skipping
Refreshing native plugins compatible for Editor in 0.42 ms, found 2 plugins.
Preloading 0 native plugins for Editor in 0.00 ms.
Unloading 1498 Unused Serialized files (Serialized files now loaded: 0)
System memory in use before: 71.6 MB.
System memory in use after: 71.7 MB.

Unloading 14 unused Assets to reduce memory usage. Loaded Objects now: 1951.
Total: 4.180500 ms (FindLiveObjects: 0.138800 ms CreateObjectMapping: 0.051400 ms MarkObjects: 3.936900 ms  DeleteObjects: 0.052200 ms)

AssetImportParameters requested are different than current active one (requested -> active):
  custom:framework-win-MediaFoundation: 216162199b28c13a410421893ffa2e32 -> 
  custom:video-decoder-ogg-theora: a1e56fd34408186e4bbccfd4996cb3dc -> 
  custom:container-muxer-webm: aa71ff27fc2769a1b78a27578f13a17b -> 
  custom:container-demuxer-webm: 4f35f7cbe854078d1ac9338744f61a02 -> 
  custom:container-demuxer-ogg: 62fdf1f143b41e24485cea50d1cbac27 -> 
  custom:video-encoder-webm-vp8: eb34c28f22e8b96e1ab97ce403110664 -> 
  custom:video-decoder-webm-vp8: 9c59270c3fd7afecdb556c50c9e8de78 -> 
  custom:audio-decoder-ogg-vorbis: bf7c407c2cedff20999df2af8eb42d56 -> 
  custom:audio-encoder-webm-vorbis: bf7c407c2cedff20999df2af8eb42d56 -> 
========================================================================
Received Import Request.
  Time since last request: 7510.010161 seconds.
  path: Assets/Sprites/Walk (1).png
  artifactKey: Guid(56fc727d05ec8e24a9203170b1a8bb07) Importer(815301076,1909f56bfc062723c751e8b465ee728b)
Start importing Assets/Sprites/Walk (1).png using Guid(56fc727d05ec8e24a9203170b1a8bb07) Importer(815301076,1909f56bfc062723c751e8b465ee728b)  -> (artifact id: 'e008958dce9b4d9e56d92edef594d471') in 0.136886 seconds 
  Import took 0.142378 seconds .

========================================================================
Received Import Request.
  Time since last request: 0.000694 seconds.
  path: Assets/Sprites/Walk (6).png
  artifactKey: Guid(0066581e08512cf42bba3059df9051ce) Importer(815301076,1909f56bfc062723c751e8b465ee728b)
Start importing Assets/Sprites/Walk (6).png using Guid(0066581e08512cf42bba3059df9051ce) Importer(815301076,1909f56bfc062723c751e8b465ee728b)  -> (artifact id: '1f26b3a017bb93e473684203ba31cf7e') in 0.023616 seconds 
  Import took 0.028510 seconds .

========================================================================
Received Import Request.
  Time since last request: 0.000523 seconds.
  path: Assets/Sprites/Walk (8).png
  artifactKey: Guid(5e79d30b9ad5f914ab5d6978b169fff7) Importer(815301076,1909f56bfc062723c751e8b465ee728b)
Start importing Assets/Sprites/Walk (8).png using Guid(5e79d30b9ad5f914ab5d6978b169fff7) Importer(815301076,1909f56bfc062723c751e8b465ee728b)  -> (artifact id: '4b9249ab836056bf7b02460fb525b218') in 0.025151 seconds 
  Import took 0.031827 seconds .

========================================================================
Received Import Request.
  Time since last request: 0.000741 seconds.
  path: Assets/Sprites/Walk (9).png
  artifactKey: Guid(594d9c2020169814098caa53e2064d47) Importer(815301076,1909f56bfc062723c751e8b465ee728b)
Start importing Assets/Sprites/Walk (9).png using Guid(594d9c2020169814098caa53e2064d47) Importer(815301076,1909f56bfc062723c751e8b465ee728b)  -> (artifact id: '1a35a262163bf3e6ab88f6de6aa14109') in 0.023613 seconds 
  Import took 0.028276 seconds .

========================================================================
Received Import Request.
  Time since last request: 0.000436 seconds.
  path: Assets/Sprites/Walk (4).png
  artifactKey: Guid(aea15c1645db58b469bfe65ba8865055) Importer(815301076,1909f56bfc062723c751e8b465ee728b)
Start importing Assets/Sprites/Walk (4).png using Guid(aea15c1645db58b469bfe65ba8865055) Importer(815301076,1909f56bfc062723c751e8b465ee728b)  -> (artifact id: '4c525a7bb5696473a1933188da9254f1') in 0.027836 seconds 
  Import took 0.032633 seconds .

========================================================================
Received Import Request.
  Time since last request: 0.000358 seconds.
  path: Assets/Sprites/Walk (7).png
  artifactKey: Guid(f54beb07175a4fa47a9c3756ecfbf85c) Importer(815301076,1909f56bfc062723c751e8b465ee728b)
Start importing Assets/Sprites/Walk (7).png using Guid(f54beb07175a4fa47a9c3756ecfbf85c) Importer(815301076,1909f56bfc062723c751e8b465ee728b)  -> (artifact id: 'cbaf14ca89a0edb4153aa8e6593838d5') in 0.021584 seconds 
  Import took 0.027277 seconds .

========================================================================
Received Import Request.
  Time since last request: 0.000316 seconds.
  path: Assets/Sprites/Walk (2).png
  artifactKey: Guid(874658d4a2c42704dae843ed37bb2f48) Importer(815301076,1909f56bfc062723c751e8b465ee728b)
Start importing Assets/Sprites/Walk (2).png using Guid(874658d4a2c42704dae843ed37bb2f48) Importer(815301076,1909f56bfc062723c751e8b465ee728b)  -> (artifact id: '2509e53afb8b5b3f1195cfa265d0895d') in 0.021125 seconds 
  Import took 0.025412 seconds .

========================================================================
Received Import Request.
  Time since last request: 0.000535 seconds.
  path: Assets/Sprites/Walk (10).png
  artifactKey: Guid(39ad5c8ee87db014e88a5deb8d119670) Importer(815301076,1909f56bfc062723c751e8b465ee728b)
Start importing Assets/Sprites/Walk (10).png using Guid(39ad5c8ee87db014e88a5deb8d119670) Importer(815301076,1909f56bfc062723c751e8b465ee728b)  -> (artifact id: '7c5f1ba15036baa121ea974be2119ab9') in 0.024561 seconds 
  Import took 0.028824 seconds .

========================================================================
Received Import Request.
  Time since last request: 0.000374 seconds.
  path: Assets/Sprites/Walk (5).png
  artifactKey: Guid(886bbb59defd3d94c8b51615ce8a685a) Importer(815301076,1909f56bfc062723c751e8b465ee728b)
Start importing Assets/Sprites/Walk (5).png using Guid(886bbb59defd3d94c8b51615ce8a685a) Importer(815301076,1909f56bfc062723c751e8b465ee728b)  -> (artifact id: 'a5c3c9af2a4d5a6d47941379d0207465') in 0.019585 seconds 
  Import took 0.023450 seconds .

========================================================================
Received Import Request.
  Time since last request: 0.000344 seconds.
  path: Assets/Sprites/Walk (3).png
  artifactKey: Guid(9a3d40e5772325045a70b3a7832f7987) Importer(815301076,1909f56bfc062723c751e8b465ee728b)
Start importing Assets/Sprites/Walk (3).png using Guid(9a3d40e5772325045a70b3a7832f7987) Importer(815301076,1909f56bfc062723c751e8b465ee728b)  -> (artifact id: 'e5705686d14a7f30194b22a96903205e') in 0.020975 seconds 
  Import took 0.026614 seconds .

========================================================================
Received Import Request.
  Time since last request: 17.106567 seconds.
  path: Assets/Sprites/Walk (1).png
  artifactKey: Guid(56fc727d05ec8e24a9203170b1a8bb07) Importer(815301076,1909f56bfc062723c751e8b465ee728b)
Start importing Assets/Sprites/Walk (1).png using Guid(56fc727d05ec8e24a9203170b1a8bb07) Importer(815301076,1909f56bfc062723c751e8b465ee728b)  -> (artifact id: 'f90bfb537651fa687b100b7eb31fc173') in 0.025459 seconds 
  Import took 0.030717 seconds .

========================================================================
Received Import Request.
  Time since last request: 0.000341 seconds.
  path: Assets/Sprites/Walk (6).png
  artifactKey: Guid(0066581e08512cf42bba3059df9051ce) Importer(815301076,1909f56bfc062723c751e8b465ee728b)
Start importing Assets/Sprites/Walk (6).png using Guid(0066581e08512cf42bba3059df9051ce) Importer(815301076,1909f56bfc062723c751e8b465ee728b)  -> (artifact id: 'f202cad90529d7ea07493ba6071d9474') in 0.017845 seconds 
  Import took 0.023344 seconds .

========================================================================
Received Import Request.
  Time since last request: 0.000848 seconds.
  path: Assets/Sprites/Walk (8).png
  artifactKey: Guid(5e79d30b9ad5f914ab5d6978b169fff7) Importer(815301076,1909f56bfc062723c751e8b465ee728b)
Start importing Assets/Sprites/Walk (8).png using Guid(5e79d30b9ad5f914ab5d6978b169fff7) Importer(815301076,1909f56bfc062723c751e8b465ee728b)  -> (artifact id: '023415cc68e90d118f94829905e61a4b') in 0.013787 seconds 
  Import took 0.019186 seconds .

========================================================================
Received Import Request.
  Time since last request: 0.000504 seconds.
  path: Assets/Sprites/Walk (9).png
  artifactKey: Guid(594d9c2020169814098caa53e2064d47) Importer(815301076,1909f56bfc062723c751e8b465ee728b)
Start importing Assets/Sprites/Walk (9).png using Guid(594d9c2020169814098caa53e2064d47) Importer(815301076,1909f56bfc062723c751e8b465ee728b)  -> (artifact id: '9f531848d4ae4ded0c469a9f507dc45c') in 0.015357 seconds 
  Import took 0.020425 seconds .

========================================================================
Received Import Request.
  Time since last request: 0.000360 seconds.
  path: Assets/Sprites/Walk (4).png
  artifactKey: Guid(aea15c1645db58b469bfe65ba8865055) Importer(815301076,1909f56bfc062723c751e8b465ee728b)
Start importing Assets/Sprites/Walk (4).png using Guid(aea15c1645db58b469bfe65ba8865055) Importer(815301076,1909f56bfc062723c751e8b465ee728b)  -> (artifact id: 'b3ca55fbfe13f6a3e0f8c6ad13170670') in 0.015015 seconds 
  Import took 0.019243 seconds .

========================================================================
Received Import Request.
  Time since last request: 0.000548 seconds.
  path: Assets/Sprites/Walk (7).png
  artifactKey: Guid(f54beb07175a4fa47a9c3756ecfbf85c) Importer(815301076,1909f56bfc062723c751e8b465ee728b)
Start importing Assets/Sprites/Walk (7).png using Guid(f54beb07175a4fa47a9c3756ecfbf85c) Importer(815301076,1909f56bfc062723c751e8b465ee728b)  -> (artifact id: '8b28dcd6842ffac8530659ec3e46b7fa') in 0.013394 seconds 
  Import took 0.018354 seconds .

========================================================================
Received Import Request.
  Time since last request: 0.000547 seconds.
  path: Assets/Sprites/Walk (2).png
  artifactKey: Guid(874658d4a2c42704dae843ed37bb2f48) Importer(815301076,1909f56bfc062723c751e8b465ee728b)
Start importing Assets/Sprites/Walk (2).png using Guid(874658d4a2c42704dae843ed37bb2f48) Importer(815301076,1909f56bfc062723c751e8b465ee728b)  -> (artifact id: '029d6efe5f2056e7408157d449488962') in 0.016111 seconds 
  Import took 0.020909 seconds .

========================================================================
Received Import Request.
  Time since last request: 0.000356 seconds.
  path: Assets/Sprites/Walk (10).png
  artifactKey: Guid(39ad5c8ee87db014e88a5deb8d119670) Importer(815301076,1909f56bfc062723c751e8b465ee728b)
Start importing Assets/Sprites/Walk (10).png using Guid(39ad5c8ee87db014e88a5deb8d119670) Importer(815301076,1909f56bfc062723c751e8b465ee728b)  -> (artifact id: 'a4dbbb9e448cbf46f261e6f51f08bdd8') in 0.015713 seconds 
  Import took 0.019322 seconds .

========================================================================
Received Import Request.
  Time since last request: 0.000400 seconds.
  path: Assets/Sprites/Walk (5).png
  artifactKey: Guid(886bbb59defd3d94c8b51615ce8a685a) Importer(815301076,1909f56bfc062723c751e8b465ee728b)
Start importing Assets/Sprites/Walk (5).png using Guid(886bbb59defd3d94c8b51615ce8a685a) Importer(815301076,1909f56bfc062723c751e8b465ee728b)  -> (artifact id: '74461eb298d5cb51cce1efd8d28ed15f') in 0.014368 seconds 
  Import took 0.019789 seconds .

========================================================================
Received Import Request.
  Time since last request: 0.000406 seconds.
  path: Assets/Sprites/Walk (3).png
  artifactKey: Guid(9a3d40e5772325045a70b3a7832f7987) Importer(815301076,1909f56bfc062723c751e8b465ee728b)
Start importing Assets/Sprites/Walk (3).png using Guid(9a3d40e5772325045a70b3a7832f7987) Importer(815301076,1909f56bfc062723c751e8b465ee728b)  -> (artifact id: '6a2e527ff6be0fefcba0cb45f8a9db14') in 0.015755 seconds 
  Import took 0.022072 seconds .

========================================================================
Received Import Request.
  Time since last request: 156.229553 seconds.
  path: Assets/Sprites/Run (1).png
  artifactKey: Guid(2027404e3e21e8749b1d9cf80ac004e8) Importer(815301076,1909f56bfc062723c751e8b465ee728b)
Start importing Assets/Sprites/Run (1).png using Guid(2027404e3e21e8749b1d9cf80ac004e8) Importer(815301076,1909f56bfc062723c751e8b465ee728b)  -> (artifact id: 'b02767f19b7b3c17a773df6ff401bcfd') in 0.036142 seconds 
  Import took 0.043500 seconds .

========================================================================
Received Import Request.
  Time since last request: 0.000488 seconds.
  path: Assets/Sprites/Run (5).png
  artifactKey: Guid(32f7d1a7ea2db7e4dbf97748c2d3bd99) Importer(815301076,1909f56bfc062723c751e8b465ee728b)
Start importing Assets/Sprites/Run (5).png using Guid(32f7d1a7ea2db7e4dbf97748c2d3bd99) Importer(815301076,1909f56bfc062723c751e8b465ee728b)  -> (artifact id: 'ef5ba231f23e5d04991463c7ea6d9eac') in 0.023559 seconds 
  Import took 0.028577 seconds .

========================================================================
Received Import Request.
  Time since last request: 0.000397 seconds.
  path: Assets/Sprites/Run (4).png
  artifactKey: Guid(4ea5f58355fe1f641bee171f52dd3fe8) Importer(815301076,1909f56bfc062723c751e8b465ee728b)
Start importing Assets/Sprites/Run (4).png using Guid(4ea5f58355fe1f641bee171f52dd3fe8) Importer(815301076,1909f56bfc062723c751e8b465ee728b)  -> (artifact id: '99c70446e351b27475c12f909e9f02cd') in 0.027540 seconds 
  Import took 0.032891 seconds .

========================================================================
Received Import Request.
  Time since last request: 0.000316 seconds.
  path: Assets/Sprites/Run (7).png
  artifactKey: Guid(73d22d9d947ce884caed9f17faeabc41) Importer(815301076,1909f56bfc062723c751e8b465ee728b)
Start importing Assets/Sprites/Run (7).png using Guid(73d22d9d947ce884caed9f17faeabc41) Importer(815301076,1909f56bfc062723c751e8b465ee728b)  -> (artifact id: 'c06208717e03ae1e34266f3960b66d1f') in 0.023958 seconds 
  Import took 0.029567 seconds .

========================================================================
Received Import Request.
  Time since last request: 0.000327 seconds.
  path: Assets/Sprites/Run (6).png
  artifactKey: Guid(09d79b4da975e314f81db4cdcdbd506a) Importer(815301076,1909f56bfc062723c751e8b465ee728b)
Start importing Assets/Sprites/Run (6).png using Guid(09d79b4da975e314f81db4cdcdbd506a) Importer(815301076,1909f56bfc062723c751e8b465ee728b)  -> (artifact id: 'b0e86cc29a2e2f8c60a4f8fc0a1395c8') in 0.025279 seconds 
  Import took 0.030831 seconds .

========================================================================
Received Import Request.
  Time since last request: 0.000398 seconds.
  path: Assets/Sprites/Run (8).png
  artifactKey: Guid(502e9019f70a62f4e87e0c1e227b0cb8) Importer(815301076,1909f56bfc062723c751e8b465ee728b)
Start importing Assets/Sprites/Run (8).png using Guid(502e9019f70a62f4e87e0c1e227b0cb8) Importer(815301076,1909f56bfc062723c751e8b465ee728b)  -> (artifact id: '61b9ec79e367fe2af9bfba844aca4279') in 0.027829 seconds 
  Import took 0.033936 seconds .

========================================================================
Received Import Request.
  Time since last request: 0.000411 seconds.
  path: Assets/Sprites/Run (3).png
  artifactKey: Guid(1006002cfb3bd3947aa7c40dcf0c65f8) Importer(815301076,1909f56bfc062723c751e8b465ee728b)
Start importing Assets/Sprites/Run (3).png using Guid(1006002cfb3bd3947aa7c40dcf0c65f8) Importer(815301076,1909f56bfc062723c751e8b465ee728b)  -> (artifact id: '16492b402dee3a5d0060d3c0942b3039') in 0.024741 seconds 
  Import took 0.029830 seconds .

========================================================================
Received Import Request.
  Time since last request: 0.000527 seconds.
  path: Assets/Sprites/Run (2).png
  artifactKey: Guid(23c1ce3c83faf1e45bf0b4ebe864fe76) Importer(815301076,1909f56bfc062723c751e8b465ee728b)
Start importing Assets/Sprites/Run (2).png using Guid(23c1ce3c83faf1e45bf0b4ebe864fe76) Importer(815301076,1909f56bfc062723c751e8b465ee728b)  -> (artifact id: 'c2016d107b66893f02de84f08ca5546b') in 0.023075 seconds 
  Import took 0.028388 seconds .

========================================================================
Received Import Request.
  Time since last request: 96.919807 seconds.
  path: Assets/Sprites/Animation/Idle (1).controller
  artifactKey: Guid(a127fa33d7823544ab0b4c5c9ecd6e30) Importer(815301076,1909f56bfc062723c751e8b465ee728b)
Start importing Assets/Sprites/Animation/Idle (1).controller using Guid(a127fa33d7823544ab0b4c5c9ecd6e30) Importer(815301076,1909f56bfc062723c751e8b465ee728b)  -> (artifact id: '92937f118f1ddc1151ef4c9cc416f50f') in 0.029363 seconds 
  Import took 0.035738 seconds .

========================================================================
Received Prepare
Registering precompiled user dll's ...
Registered in 0.018296 seconds.
Begin MonoManager ReloadAssembly
Native extension for WindowsStandalone target not found
Refreshing native plugins compatible for Editor in 0.37 ms, found 2 plugins.
Preloading 0 native plugins for Editor in 0.00 ms.
Mono: successfully reloaded assembly
- Completed reload, in  1.634 seconds
Domain Reload Profiling:
	ReloadAssembly (1635ms)
		BeginReloadAssembly (180ms)
			ExecutionOrderSort (0ms)
			DisableScriptedObjects (7ms)
			BackupInstance (0ms)
			ReleaseScriptingObjects (0ms)
			CreateAndSetChildDomain (51ms)
		EndReloadAssembly (1345ms)
			LoadAssemblies (156ms)
			RebuildTransferFunctionScriptingTraits (0ms)
			SetupTypeCache (508ms)
			ReleaseScriptCaches (1ms)
			RebuildScriptCaches (69ms)
			SetupLoadedEditorAssemblies (461ms)
				LogAssemblyErrors (0ms)
				InitializePlatformSupportModulesInManaged (8ms)
				SetLoadedEditorAssemblies (1ms)
				RefreshPlugins (1ms)
				BeforeProcessingInitializeOnLoad (132ms)
				ProcessInitializeOnLoadAttributes (290ms)
				ProcessInitializeOnLoadMethodAttributes (15ms)
				AfterProcessingInitializeOnLoad (14ms)
				EditorAssembliesLoaded (0ms)
			ExecutionOrderSort2 (0ms)
			AwakeInstancesAfterBackupRestoration (11ms)
Platform modules already initialized, skipping
Refreshing native plugins compatible for Editor in 0.49 ms, found 2 plugins.
Preloading 0 native plugins for Editor in 0.00 ms.
Unloading 1498 Unused Serialized files (Serialized files now loaded: 0)
System memory in use before: 71.6 MB.
System memory in use after: 71.7 MB.

Unloading 14 unused Assets to reduce memory usage. Loaded Objects now: 1954.
Total: 5.879400 ms (FindLiveObjects: 0.205700 ms CreateObjectMapping: 0.058000 ms MarkObjects: 5.592900 ms  DeleteObjects: 0.021400 ms)

AssetImportParameters requested are different than current active one (requested -> active):
  custom:framework-win-MediaFoundation: 216162199b28c13a410421893ffa2e32 -> 
  custom:video-decoder-ogg-theora: a1e56fd34408186e4bbccfd4996cb3dc -> 
  custom:container-muxer-webm: aa71ff27fc2769a1b78a27578f13a17b -> 
  custom:container-demuxer-webm: 4f35f7cbe854078d1ac9338744f61a02 -> 
  custom:container-demuxer-ogg: 62fdf1f143b41e24485cea50d1cbac27 -> 
  custom:video-encoder-webm-vp8: eb34c28f22e8b96e1ab97ce403110664 -> 
  custom:video-decoder-webm-vp8: 9c59270c3fd7afecdb556c50c9e8de78 -> 
  custom:audio-decoder-ogg-vorbis: bf7c407c2cedff20999df2af8eb42d56 -> 
  custom:audio-encoder-webm-vorbis: bf7c407c2cedff20999df2af8eb42d56 -> 
========================================================================
Received Import Request.
  Time since last request: 1088.406286 seconds.
  path: Assets/Scripts/NewBehaviourScript.cs
  artifactKey: Guid(4f8dc7d15a0c26444b046d4d8d63feb8) Importer(815301076,1909f56bfc062723c751e8b465ee728b)
Start importing Assets/Scripts/NewBehaviourScript.cs using Guid(4f8dc7d15a0c26444b046d4d8d63feb8) Importer(815301076,1909f56bfc062723c751e8b465ee728b)  -> (artifact id: '1c8e21e910e249ebacbf5d378a401f55') in 0.034945 seconds 
  Import took 0.038642 seconds .

========================================================================
Received Import Request.
  Time since last request: 84.267400 seconds.
  path: Assets/Scripts/NewBehaviourScript1.cs
  artifactKey: Guid(5f88d39bca540ef458ba9e978c0f2250) Importer(815301076,1909f56bfc062723c751e8b465ee728b)
Start importing Assets/Scripts/NewBehaviourScript1.cs using Guid(5f88d39bca540ef458ba9e978c0f2250) Importer(815301076,1909f56bfc062723c751e8b465ee728b)  -> (artifact id: 'ecd836c30531bf767d23833e02afc5f4') in 0.010785 seconds 
  Import took 0.015147 seconds .

========================================================================
Received Import Request.
  Time since last request: 40.019729 seconds.
  path: Assets/Scripts/NewBehaviourScript1.cs
  artifactKey: Guid(5f88d39bca540ef458ba9e978c0f2250) Importer(815301076,1909f56bfc062723c751e8b465ee728b)
Start importing Assets/Scripts/NewBehaviourScript1.cs using Guid(5f88d39bca540ef458ba9e978c0f2250) Importer(815301076,1909f56bfc062723c751e8b465ee728b)  -> (artifact id: '272e5c96b98fe793b5338af4772c3832') in 0.005566 seconds 
  Import took 0.010266 seconds .

========================================================================
Received Import Request.
  Time since last request: 79.857874 seconds.
  path: Assets/Scripts/CatController.cs
  artifactKey: Guid(5f88d39bca540ef458ba9e978c0f2250) Importer(815301076,1909f56bfc062723c751e8b465ee728b)
Start importing Assets/Scripts/CatController.cs using Guid(5f88d39bca540ef458ba9e978c0f2250) Importer(815301076,1909f56bfc062723c751e8b465ee728b)  -> (artifact id: '426bec41608e336a19ce0fa9bffabb2f') in 0.011488 seconds 
  Import took 0.015344 seconds .

========================================================================
Received Import Request.
  Time since last request: 72.369894 seconds.
  path: Assets/Scripts/CatController.cs
  artifactKey: Guid(5f88d39bca540ef458ba9e978c0f2250) Importer(815301076,1909f56bfc062723c751e8b465ee728b)
Start importing Assets/Scripts/CatController.cs using Guid(5f88d39bca540ef458ba9e978c0f2250) Importer(815301076,1909f56bfc062723c751e8b465ee728b)  -> (artifact id: '2462e167938be3c02d2bed57421c8dd0') in 0.006358 seconds 
  Import took 0.011255 seconds .

========================================================================
Received Import Request.
  Time since last request: 131.435537 seconds.
  path: Assets/Scripts/NewBehaviourScript.cs
  artifactKey: Guid(4f8dc7d15a0c26444b046d4d8d63feb8) Importer(815301076,1909f56bfc062723c751e8b465ee728b)
Start importing Assets/Scripts/NewBehaviourScript.cs using Guid(4f8dc7d15a0c26444b046d4d8d63feb8) Importer(815301076,1909f56bfc062723c751e8b465ee728b)  -> (artifact id: 'd5250ac4da3e27d353d5730bbe18f15b') in 0.004837 seconds 
  Import took 0.008660 seconds .

========================================================================
Received Import Request.
  Time since last request: 41.429033 seconds.
  path: Assets/Scripts/NewBehaviourScript.cs
  artifactKey: Guid(4f8dc7d15a0c26444b046d4d8d63feb8) Importer(815301076,1909f56bfc062723c751e8b465ee728b)
Start importing Assets/Scripts/NewBehaviourScript.cs using Guid(4f8dc7d15a0c26444b046d4d8d63feb8) Importer(815301076,1909f56bfc062723c751e8b465ee728b)  -> (artifact id: 'f700b792601d225ea119a788e67dff29') in 0.009791 seconds 
  Import took 0.014369 seconds .

AssetImportWorkerClient::OnTransportError - code=2 error=End of file
